<?xml version="1.0" encoding="UTF-8" ?>
<testsuites name="vitest tests" tests="5" failures="0" errors="0" time="536.308">
    <testsuite name="src/components/ColorSection/ColorSection.test.jsx" timestamp="2024-10-13T13:55:05.139Z" hostname="192.168.1.121" tests="5" failures="0" errors="0" skipped="0" time="0.05072975">
        <testcase classname="src/components/ColorSection/ColorSection.test.jsx" name="ColorSection &gt; renders with default color name" time="0.024127417">
        </testcase>
        <testcase classname="src/components/ColorSection/ColorSection.test.jsx" name="ColorSection &gt; renders with custom allowed color name" time="0.005140084">
        </testcase>
        <testcase classname="src/components/ColorSection/ColorSection.test.jsx" name="ColorSection &gt; initially does not display generated colors" time="0.004013791">
        </testcase>
        <testcase classname="src/components/ColorSection/ColorSection.test.jsx" name="ColorSection &gt; displays generated colors when available" time="0.012453875">
        </testcase>
        <testcase classname="src/components/ColorSection/ColorSection.test.jsx" name="ColorSection &gt; does not render with custom not allowed color name" time="0.0043675">
        </testcase>
    </testsuite>
</testsuites>
